<?xml version="1.0" encoding="UTF-8"?>
<!-- Generated by org.testng.reporters.JUnitReportReporter -->
<testsuite skipped="0" hostname="LAPTOP-8OV7IEGI" name="com.hrms.testcases.LoginTest" tests="1" failures="0" timestamp="2020-05-31T14:44:30 EDT" time="8.789" errors="0">
  <testcase name="validAdminLogin" time="8.789" classname="com.hrms.testcases.LoginTest"/>
  <system-out/>
</testsuite> <!-- com.hrms.testcases.LoginTest -->
