<?xml version="1.0" encoding="UTF-8"?>
<!-- Generated by org.testng.reporters.JUnitReportReporter -->
<testsuite skipped="0" hostname="LAPTOP-8OV7IEGI" name="com.hrms.testcases.AddEmployeeTest" tests="3" failures="0" timestamp="2020-06-01T12:08:51 EDT" time="57.101" errors="0">
  <testcase name="addEmployee" time="18.676" classname="com.hrms.testcases.AddEmployeeTest"/>
  <system-out/>
  <testcase name="addEmployee" time="20.228" classname="com.hrms.testcases.AddEmployeeTest"/>
  <system-out/>
  <testcase name="addEmployee" time="18.197" classname="com.hrms.testcases.AddEmployeeTest"/>
  <system-out/>
</testsuite> <!-- com.hrms.testcases.AddEmployeeTest -->
